<?xml version="1.0" encoding="UTF-8"?>
<!-- Generated by org.testng.reporters.JUnitXMLReporter -->
<testsuite hostname="PRINHYLTPHP0968" name="Test" tests="1" failures="1" timestamp="15 Jul 2017 16:52:19 GMT" time="1.151" errors="0">
  <testcase name="checkTitleOfPage" time="0.028" classname="tests.GmailLoginPageTest">
    <failure type="java.lang.AssertionError" message="Title of page is not matching. Expected titleGmail expected [Gmail] but found []">
      <![CDATA[java.lang.AssertionError: Title of page is not matching. Expected titleGmail expected [Gmail] but found []
	at tests.GmailLoginPageTest.checkTitleOfPage(GmailLoginPageTest.java:17)
... Removed 31 stack frames]]>
    </failure>
  </testcase> <!-- checkTitleOfPage -->
</testsuite> <!-- Test -->
