<?xml version="1.0" encoding="UTF-8"?>
<!-- Generated by org.testng.reporters.JUnitXMLReporter -->
<testsuite hostname="PRINHYLTPAP1022.local" name="Test" tests="1" failures="0" timestamp="14 Mar 2017 08:30:02 GMT" time="0.024" errors="0">
  <testcase name="@BeforeSuite setBrowser" time="0.0" classname="tests.BasePageTest">
    <failure type="java.lang.UnsupportedClassVersionError" message="org/openqa/selenium/WebDriver : Unsupported major.minor version 52.0">
      <![CDATA[java.lang.UnsupportedClassVersionError: org/openqa/selenium/WebDriver : Unsupported major.minor version 52.0
	at java.lang.ClassLoader.defineClass1(Native Method)
	at java.lang.ClassLoader.defineClass(ClassLoader.java:800)
	at java.security.SecureClassLoader.defineClass(SecureClassLoader.java:142)
	at java.net.URLClassLoader.defineClass(URLClassLoader.java:449)
	at java.net.URLClassLoader.access$100(URLClassLoader.java:71)
	at java.net.URLClassLoader$1.run(URLClassLoader.java:361)
	at java.net.URLClassLoader$1.run(URLClassLoader.java:355)
	at java.security.AccessController.doPrivileged(Native Method)
	at java.net.URLClassLoader.findClass(URLClassLoader.java:354)
	at java.lang.ClassLoader.loadClass(ClassLoader.java:425)
	at sun.misc.Launcher$AppClassLoader.loadClass(Launcher.java:308)
	at java.lang.ClassLoader.loadClass(ClassLoader.java:358)
	at com.seleniumautomationproject.drivers.WebDriverHandler.getWebDriverHost(WebDriverHandler.java:17)
	at com.seleniumautomationproject.basepage.BasePage.setBrowser(BasePage.java:23)
... Removed 21 stack frames]]>
    </failure>
  </testcase> <!-- @BeforeSuite setBrowser -->
  <testcase name="@BeforeClass setConfiguration" time="0.0" classname="tests.BasePageTest">
    <skipped/>
  </testcase> <!-- @BeforeClass setConfiguration -->
  <testcase name="@BeforeMethod beforeMethod" time="0.0" classname="tests.BasePageTest">
    <skipped/>
  </testcase> <!-- @BeforeMethod beforeMethod -->
  <testcase name="@AfterClass tearDown" time="0.0" classname="tests.BasePageTest">
    <skipped/>
  </testcase> <!-- @AfterClass tearDown -->
  <testcase name="openBrowser" time="0.002" classname="tests.BasePageTest">
    <skipped/>
  </testcase> <!-- openBrowser -->
</testsuite> <!-- Test -->
