-------------------------------------------------------------------------------
Test set: TestSuite
-------------------------------------------------------------------------------
Tests run: 1, Failures: 1, Errors: 0, Skipped: 0, Time elapsed: 5.902 sec <<< FAILURE! - in TestSuite
checkTitleOfPage(tests.GmailLoginPageTest)  Time elapsed: 0.008 sec  <<< FAILURE!
java.lang.AssertionError: Title of page is not matching. Expected titleGmail expected [Gmail] but found []
	at tests.GmailLoginPageTest.checkTitleOfPage(GmailLoginPageTest.java:17)

