<?xml version="1.0" encoding="UTF-8"?>
<testsuite xmlns:xsi="http://www.w3.org/2001/XMLSchema-instance" xsi:schemaLocation="https://maven.apache.org/surefire/maven-surefire-plugin/xsd/surefire-test-report.xsd" name="TestSuite" time="0.961" tests="5" errors="0" skipped="4" failures="1">
  <properties>
[...]
</properties>
  <testcase name="setBrowser" classname="tests.BasePageTest" time="0.363">
    <failure message="org/openqa/selenium/WebDriver : Unsupported major.minor version 52.0" type="java.lang.UnsupportedClassVersionError">java.lang.UnsupportedClassVersionError: org/openqa/selenium/WebDriver : Unsupported major.minor version 52.0
</failure>
    <system-out><![CDATA[=====BeforeSuite=====
]]></system-out>
  </testcase>
  <testcase name="setConfiguration" classname="tests.BasePageTest" time="0">
    <skipped/>
  </testcase>
  <testcase name="beforeMethod" classname="tests.BasePageTest" time="0">
    <skipped/>
  </testcase>
  <testcase name="openBrowser" classname="tests.BasePageTest" time="0">
    <skipped/>
  </testcase>
  <testcase name="tearDown" classname="tests.BasePageTest" time="0">
    <skipped/>
  </testcase>
</testsuite>