<?xml version="1.0" encoding="UTF-8"?>
<testng-results skipped="1" failed="0" total="1" passed="0">
  <reporter-output>
  </reporter-output>
  <suite name="Automation suite" duration-ms="24" started-at="2017-03-14T08:30:01Z" finished-at="2017-03-14T08:30:01Z">
    <groups>
    </groups>
    <test name="Test" duration-ms="24" started-at="2017-03-14T08:30:01Z" finished-at="2017-03-14T08:30:01Z">
      <class name="tests.BasePageTest">
        <test-method status="FAIL" signature="setBrowser()[pri:0, instance:tests.BasePageTest@584ffe5e]" name="setBrowser" is-config="true" duration-ms="0" started-at="2017-03-14T01:30:01Z" finished-at="2017-03-14T01:30:01Z">
          <exception class="java.lang.UnsupportedClassVersionError">
            <message>
              <![CDATA[org/openqa/selenium/WebDriver : Unsupported major.minor version 52.0]]>
            </message>
            <full-stacktrace>
              <![CDATA[java.lang.UnsupportedClassVersionError: org/openqa/selenium/WebDriver : Unsupported major.minor version 52.0
	at java.lang.ClassLoader.defineClass1(Native Method)
	at java.lang.ClassLoader.defineClass(ClassLoader.java:800)
	at java.security.SecureClassLoader.defineClass(SecureClassLoader.java:142)
	at java.net.URLClassLoader.defineClass(URLClassLoader.java:449)
	at java.net.URLClassLoader.access$100(URLClassLoader.java:71)
	at java.net.URLClassLoader$1.run(URLClassLoader.java:361)
	at java.net.URLClassLoader$1.run(URLClassLoader.java:355)
	at java.security.AccessController.doPrivileged(Native Method)
	at java.net.URLClassLoader.findClass(URLClassLoader.java:354)
	at java.lang.ClassLoader.loadClass(ClassLoader.java:425)
	at sun.misc.Launcher$AppClassLoader.loadClass(Launcher.java:308)
	at java.lang.ClassLoader.loadClass(ClassLoader.java:358)
	at com.seleniumautomationproject.drivers.WebDriverHandler.getWebDriverHost(WebDriverHandler.java:17)
	at com.seleniumautomationproject.basepage.BasePage.setBrowser(BasePage.java:23)
	at sun.reflect.NativeMethodAccessorImpl.invoke0(Native Method)
	at sun.reflect.NativeMethodAccessorImpl.invoke(NativeMethodAccessorImpl.java:57)
	at sun.reflect.DelegatingMethodAccessorImpl.invoke(DelegatingMethodAccessorImpl.java:43)
	at java.lang.reflect.Method.invoke(Method.java:606)
	at org.testng.internal.MethodInvocationHelper.invokeMethod(MethodInvocationHelper.java:85)
	at org.testng.internal.Invoker.invokeConfigurationMethod(Invoker.java:510)
	at org.testng.internal.Invoker.invokeConfigurations(Invoker.java:211)
	at org.testng.internal.Invoker.invokeConfigurations(Invoker.java:138)
	at org.testng.SuiteRunner.privateRun(SuiteRunner.java:298)
	at org.testng.SuiteRunner.run(SuiteRunner.java:261)
	at org.testng.SuiteRunnerWorker.runSuite(SuiteRunnerWorker.java:52)
	at org.testng.SuiteRunnerWorker.run(SuiteRunnerWorker.java:86)
	at org.testng.TestNG.runSuitesSequentially(TestNG.java:1191)
	at org.testng.TestNG.runSuitesLocally(TestNG.java:1116)
	at org.testng.TestNG.run(TestNG.java:1024)
	at org.apache.maven.surefire.testng.TestNGExecutor.run(TestNGExecutor.java:281)
	at org.apache.maven.surefire.testng.TestNGXmlTestSuite.execute(TestNGXmlTestSuite.java:75)
	at org.apache.maven.surefire.testng.TestNGProvider.invoke(TestNGProvider.java:121)
	at org.apache.maven.surefire.booter.ForkedBooter.invokeProviderInSameClassLoader(ForkedBooter.java:290)
	at org.apache.maven.surefire.booter.ForkedBooter.runSuitesInProcess(ForkedBooter.java:242)
	at org.apache.maven.surefire.booter.ForkedBooter.main(ForkedBooter.java:121)
]]>
            </full-stacktrace>
          </exception> <!-- java.lang.UnsupportedClassVersionError -->
          <reporter-output>
          </reporter-output>
        </test-method> <!-- setBrowser -->
        <test-method status="SKIP" signature="setConfiguration()[pri:0, instance:tests.BasePageTest@584ffe5e]" name="setConfiguration" is-config="true" duration-ms="0" started-at="2017-03-14T01:30:01Z" finished-at="2017-03-14T01:30:01Z">
          <reporter-output>
          </reporter-output>
        </test-method> <!-- setConfiguration -->
        <test-method status="SKIP" signature="beforeMethod()[pri:0, instance:tests.BasePageTest@584ffe5e]" name="beforeMethod" is-config="true" duration-ms="0" started-at="2017-03-14T01:30:01Z" finished-at="2017-03-14T01:30:01Z">
          <reporter-output>
          </reporter-output>
        </test-method> <!-- beforeMethod -->
        <test-method status="SKIP" signature="openBrowser()[pri:0, instance:tests.BasePageTest@584ffe5e]" name="openBrowser" duration-ms="2" started-at="2017-03-14T01:30:01Z" finished-at="2017-03-14T01:30:01Z">
          <reporter-output>
          </reporter-output>
        </test-method> <!-- openBrowser -->
        <test-method status="SKIP" signature="tearDown()[pri:0, instance:tests.BasePageTest@584ffe5e]" name="tearDown" is-config="true" duration-ms="0" started-at="2017-03-14T01:30:01Z" finished-at="2017-03-14T01:30:01Z">
          <reporter-output>
          </reporter-output>
        </test-method> <!-- tearDown -->
      </class> <!-- tests.BasePageTest -->
    </test> <!-- Test -->
  </suite> <!-- Automation suite -->
</testng-results>
